mode: set
github.com/josgilmo/avrostry/producer.go:27.91,35.16 7 0
github.com/josgilmo/avrostry/producer.go:41.2,42.80 2 0
github.com/josgilmo/avrostry/producer.go:35.16,37.3 1 0
github.com/josgilmo/avrostry/producer.go:49.68,53.16 2 0
github.com/josgilmo/avrostry/producer.go:58.2,65.12 3 0
github.com/josgilmo/avrostry/producer.go:53.16,56.3 2 0
github.com/josgilmo/avrostry/schema_registry.go:72.84,79.2 1 0
github.com/josgilmo/avrostry/schema_registry.go:81.74,92.2 2 1
github.com/josgilmo/avrostry/schema_registry.go:94.126,99.12 3 1
github.com/josgilmo/avrostry/schema_registry.go:114.2,118.16 3 0
github.com/josgilmo/avrostry/schema_registry.go:122.2,122.42 1 0
github.com/josgilmo/avrostry/schema_registry.go:99.12,101.3 1 1
github.com/josgilmo/avrostry/schema_registry.go:118.16,120.3 1 0
github.com/josgilmo/avrostry/schema_registry.go:122.42,124.76 2 0
github.com/josgilmo/avrostry/schema_registry.go:128.3,134.33 2 0
github.com/josgilmo/avrostry/schema_registry.go:124.76,126.4 1 0
github.com/josgilmo/avrostry/schema_registry.go:135.8,137.3 1 0
github.com/josgilmo/avrostry/schema_registry.go:140.87,143.84 3 1
github.com/josgilmo/avrostry/schema_registry.go:147.2,148.16 2 0
github.com/josgilmo/avrostry/schema_registry.go:152.2,153.16 2 0
github.com/josgilmo/avrostry/schema_registry.go:157.2,157.42 1 0
github.com/josgilmo/avrostry/schema_registry.go:143.84,145.3 1 1
github.com/josgilmo/avrostry/schema_registry.go:148.16,150.3 1 0
github.com/josgilmo/avrostry/schema_registry.go:153.16,155.3 1 0
github.com/josgilmo/avrostry/schema_registry.go:157.42,159.76 2 0
github.com/josgilmo/avrostry/schema_registry.go:163.3,166.37 2 0
github.com/josgilmo/avrostry/schema_registry.go:159.76,161.4 1 0
github.com/josgilmo/avrostry/schema_registry.go:167.8,169.3 1 0
github.com/josgilmo/avrostry/schema_registry_client.go:26.41,28.2 1 0
github.com/josgilmo/avrostry/schema_registry_client.go:30.139,33.16 3 0
github.com/josgilmo/avrostry/schema_registry_client.go:36.2,37.21 2 0
github.com/josgilmo/avrostry/schema_registry_client.go:33.16,35.3 1 0
github.com/josgilmo/avrostry/schema_registry_client.go:40.88,42.2 1 0
github.com/josgilmo/avrostry/schema_registry_client.go:44.100,48.2 3 0
github.com/josgilmo/avrostry/schema_registry_client.go:50.79,55.16 5 0
github.com/josgilmo/avrostry/schema_registry_client.go:59.2,59.22 1 0
github.com/josgilmo/avrostry/schema_registry_client.go:55.16,57.3 1 0
github.com/josgilmo/avrostry/cache_schema_registry.go:10.52,17.2 1 1
github.com/josgilmo/avrostry/cache_schema_registry.go:19.68,23.2 2 0
github.com/josgilmo/avrostry/cache_schema_registry.go:25.88,30.2 4 1
github.com/josgilmo/avrostry/cache_schema_registry.go:32.74,34.2 1 1
github.com/josgilmo/avrostry/cache_schema_registry.go:35.97,38.63 3 1
github.com/josgilmo/avrostry/cache_schema_registry.go:43.2,44.46 2 1
github.com/josgilmo/avrostry/cache_schema_registry.go:48.2,48.17 1 0
github.com/josgilmo/avrostry/cache_schema_registry.go:38.63,41.3 2 0
github.com/josgilmo/avrostry/cache_schema_registry.go:44.46,46.3 1 1
github.com/josgilmo/avrostry/consumer.go:24.73,36.16 6 0
github.com/josgilmo/avrostry/consumer.go:41.2,45.17 3 0
github.com/josgilmo/avrostry/consumer.go:36.16,38.3 1 0
github.com/josgilmo/avrostry/consumer.go:48.54,50.6 1 0
github.com/josgilmo/avrostry/consumer.go:50.6,51.10 1 0
github.com/josgilmo/avrostry/consumer.go:52.35,71.18 6 0
github.com/josgilmo/avrostry/consumer.go:71.18,73.5 1 0
github.com/josgilmo/avrostry/decoder.go:16.56,20.2 1 1
github.com/josgilmo/avrostry/decoder.go:23.85,24.18 1 1
github.com/josgilmo/avrostry/decoder.go:27.2,27.19 1 1
github.com/josgilmo/avrostry/decoder.go:30.2,32.16 3 1
github.com/josgilmo/avrostry/decoder.go:36.2,37.16 2 1
github.com/josgilmo/avrostry/decoder.go:41.2,43.20 2 1
github.com/josgilmo/avrostry/decoder.go:24.18,26.3 1 0
github.com/josgilmo/avrostry/decoder.go:27.19,29.3 1 0
github.com/josgilmo/avrostry/decoder.go:32.16,34.3 1 0
github.com/josgilmo/avrostry/decoder.go:37.16,39.3 1 0
github.com/josgilmo/avrostry/encoder.go:16.56,21.2 1 1
github.com/josgilmo/avrostry/encoder.go:23.73,26.16 2 1
github.com/josgilmo/avrostry/encoder.go:30.2,38.16 7 1
github.com/josgilmo/avrostry/encoder.go:41.2,44.28 3 1
github.com/josgilmo/avrostry/encoder.go:26.16,28.3 1 0
github.com/josgilmo/avrostry/encoder.go:38.16,40.3 1 0
